<?xml version="1.0" encoding="UTF-8"?>
<testsuite name="SimpleBankSystemTest" tests="1" skipped="0" failures="0" errors="0" timestamp="2023-01-17T21:17:10" hostname="DESKTOP-AG8QKJE" time="0.465">
  <properties/>
  <testcase name="start" classname="SimpleBankSystemTest" time="0.465"/>
  <system-out><![CDATA[?[1;31m
Start test 1?[0m
1. Create an account
2. Log into account
0. Exit
> 1
Your card has been created
Your card number:
4000001082810764
Your card PIN:
1467
1. Create an account
2. Log into account
0. Exit
> 1
Your card has been created
Your card number:
4000001002710259
Your card PIN:
4040
1. Create an account
2. Log into account
0. Exit
> 0
Bye!
?[1;31m
Start test 2?[0m
1. Create an account
2. Log into account
0. Exit
> 1
Your card has been created
Your card number:
4000001006910310
Your card PIN:
7098
1. Create an account
2. Log into account
0. Exit
> 2
Enter your card number:
> 4000001006910310
Enter your pin number:
> 7098
You have successfully logged in!
1. Balance
2. Log out
0. Exit
> 2
You have successfully logged out!
1. Create an account
2. Log into account
0. Exit
> 0
Bye!
?[1;31m
Start test 3?[0m
1. Create an account
2. Log into account
0. Exit
> 1
Your card has been created
Your card number:
4000001044110986
Your card PIN:
4714
1. Create an account
2. Log into account
0. Exit
> 2
Enter your card number:
> 4000001044110986
Enter your pin number:
> 2173
Wrong card number or PIN!
1. Create an account
2. Log into account
0. Exit
> 0
Bye!
?[1;31m
Start test 4?[0m
1. Create an account
2. Log into account
0. Exit
> 1
Your card has been created
Your card number:
4000001082310341
Your card PIN:
1872
1. Create an account
2. Log into account
0. Exit
> 2
Enter your card number:
> 400000119378886
Enter your pin number:
> 1872
Wrong card number or PIN!
1. Create an account
2. Log into account
0. Exit
?[1;31m
Start test 5?[0m
1. Create an account
2. Log into account
0. Exit
> 1
Your card has been created
Your card number:
4000001037810958
Your card PIN:
9184
1. Create an account
2. Log into account
0. Exit
> 2
Enter your card number:
> 4000001037810958
Enter your pin number:
> 9184
You have successfully logged in!
1. Balance
2. Log out
0. Exit
> 1
Balance: 0
1. Balance
2. Log out
0. Exit
> 0
Bye!
]]></system-out>
  <system-err><![CDATA[]]></system-err>
</testsuite>
