<?xml version="1.0" encoding="UTF-8"?>
<testsuite name="SimpleBankSystemTest" tests="1" skipped="0" failures="0" errors="0" timestamp="2023-01-24T21:30:43" hostname="DESKTOP-AG8QKJE" time="1.617">
  <properties/>
  <testcase name="start" classname="SimpleBankSystemTest" time="1.617"/>
  <system-out><![CDATA[?[1;31m
Start test 1?[0m
1. Create an account
2. Log into account
0. Exit
> 0
Bye!
?[1;31m
Start test 2?[0m
1. Create an account
2. Log into account
0. Exit
> 0
Bye!
?[1;31m
Start test 3?[0m
1. Create an account
2. Log into account
0. Exit
> 0
Bye!
?[1;31m
Start test 4?[0m
1. Create an account
2. Log into account
0. Exit
> 0
Bye!
?[1;31m
Start test 5?[0m
1. Create an account
2. Log into account
0. Exit
> 1
Your card has been created
Your card number:
4000008196282854
Your card PIN:
4964
1. Create an account
2. Log into account
0. Exit
> 1
Your card has been created
Your card number:
4000008696982540
Your card PIN:
5238
1. Create an account
2. Log into account
0. Exit
> 1
Your card has been created
Your card number:
4000008228982778
Your card PIN:
4527
1. Create an account
2. Log into account
0. Exit
> 1
Your card has been created
Your card number:
4000008528089308
Your card PIN:
4238
1. Create an account
2. Log into account
0. Exit
> 1
Your card has been created
Your card number:
4000008567880849
Your card PIN:
4820
1. Create an account
2. Log into account
0. Exit
> 0
Bye!
?[0;34m4000008196282854
?[0m?[0;34m4000008696982540
?[0m?[0;34m4000008228982778
?[0m?[0;34m4000008528089308
?[0m?[0;34m4000008567880849
?[1;31m
Start test 6?[0m
1. Create an account
2. Log into account
0. Exit
> 1
Your card has been created
Your card number:
4000008137083692
Your card PIN:
5364
1. Create an account
2. Log into account
0. Exit
> 2
Enter your card number:
> 4000008137083692
Enter your pin number:
> 5364
You have successfully logged in!
1. Balance
2. Log out
0. Exit
> 0
Bye!
?[1;31m
Start test 7?[0m
1. Create an account
2. Log into account
0. Exit
> 1
Your card has been created
Your card number:
4000008182480504
Your card PIN:
8377
1. Create an account
2. Log into account
0. Exit
> 2
Enter your card number:
> 4000008182480504
Enter your pin number:
> 2055
Wrong card number or PIN!
1. Create an account
2. Log into account
0. Exit
> 0
Bye!
?[1;31m
Start test 8?[0m
1. Create an account
2. Log into account
0. Exit
> 1
Your card has been created
Your card number:
4000008331583794
Your card PIN:
6451
1. Create an account
2. Log into account
0. Exit
> 2
Enter your card number:
> 400000307491721
Enter your pin number:
> 6451
Wrong card number or PIN!
1. Create an account
2. Log into account
0. Exit
> 0
Bye!
?[1;31m
Start test 9?[0m
1. Create an account
2. Log into account
0. Exit
> 1
Your card has been created
Your card number:
4000008291088453
Your card PIN:
6117
1. Create an account
2. Log into account
0. Exit
> 2
Enter your card number:
> 4000008291088453
Enter your pin number:
> 6117
You have successfully logged in!
1. Balance
2. Log out
0. Exit
> 1
Balance: 0
1. Balance
2. Log out
0. Exit
> 0
Bye!
]]></system-out>
  <system-err><![CDATA[]]></system-err>
</testsuite>
