<?xml version="1.0" encoding="UTF-8"?>
<testsuite name="SimpleBankSystemTest" tests="1" skipped="0" failures="0" errors="0" timestamp="2023-01-26T21:10:47" hostname="DESKTOP-AG8QKJE" time="3.642">
  <properties/>
  <testcase name="start" classname="SimpleBankSystemTest" time="3.642"/>
  <system-out><![CDATA[?[1;31m
Start test 1?[0m
1. Create an account
2. Log into account
0. Exit
> 0
Bye!
?[1;31m
Start test 2?[0m
1. Create an account
2. Log into account
0. Exit
> 0
Bye!
?[1;31m
Start test 3?[0m
1. Create an account
2. Log into account
0. Exit
> 0
Bye!
?[1;31m
Start test 4?[0m
1. Create an account
2. Log into account
0. Exit
> 0
Bye!
?[1;31m
Start test 5?[0m
1. Create an account
2. Log into account
0. Exit
> 1
Your card has been created
Your card number:
4000008314688172
Your card PIN:
5355
1. Create an account
2. Log into account
0. Exit
> 1
Your card has been created
Your card number:
4000008947186024
Your card PIN:
4125
1. Create an account
2. Log into account
0. Exit
> 1
Your card has been created
Your card number:
4000008308183065
Your card PIN:
8402
1. Create an account
2. Log into account
0. Exit
> 1
Your card has been created
Your card number:
4000008220283886
Your card PIN:
7353
1. Create an account
2. Log into account
0. Exit
> 1
Your card has been created
Your card number:
4000008834282274
Your card PIN:
5430
1. Create an account
2. Log into account
0. Exit
> 0
Bye!
?[0;34m4000008314688172
?[0m?[0;34m4000008947186024
?[0m?[0;34m4000008308183065
?[0m?[0;34m4000008220283886
?[0m?[0;34m4000008834282274
?[1;31m
Start test 6?[0m
1. Create an account
2. Log into account
0. Exit
> 1
Your card has been created
Your card number:
4000008334982639
Your card PIN:
2441
1. Create an account
2. Log into account
0. Exit
> 2
Enter your card number:
> 4000008334982639
Enter your pin number:
> 2441
You have successfully logged in!
1. Balance
2. Add income
3. Do transfer
4. Close account
5. Log out
0. Exit
> 0
Bye!
?[1;31m
Start test 7?[0m
1. Create an account
2. Log into account
0. Exit
> 1
Your card has been created
Your card number:
4000008685284965
Your card PIN:
4567
1. Create an account
2. Log into account
0. Exit
> 2
Enter your card number:
> 4000008685284965
Enter your pin number:
> 3078
Wrong card number or PIN!
1. Create an account
2. Log into account
0. Exit
> 0
Bye!
?[1;31m
Start test 8?[0m
1. Create an account
2. Log into account
0. Exit
> 1
Your card has been created
Your card number:
4000008331186390
Your card PIN:
3476
1. Create an account
2. Log into account
0. Exit
> 2
Enter your card number:
> 400000731817676
Enter your pin number:
> 3476
Wrong card number or PIN!
1. Create an account
2. Log into account
0. Exit
> 0
Bye!
?[1;31m
Start test 9?[0m
1. Create an account
2. Log into account
0. Exit
> 1
Your card has been created
Your card number:
4000008074984704
Your card PIN:
4289
1. Create an account
2. Log into account
0. Exit
> 2
Enter your card number:
> 4000008074984704
Enter your pin number:
> 4289
You have successfully logged in!
1. Balance
2. Add income
3. Do transfer
4. Close account
5. Log out
0. Exit
> 1
Balance: 0
1. Balance
2. Add income
3. Do transfer
4. Close account
5. Log out
0. Exit
> 0
Bye!
?[1;31m
Start test 10?[0m
1. Create an account
2. Log into account
0. Exit
> 1
Your card has been created
Your card number:
4000008483886185
Your card PIN:
5868
1. Create an account
2. Log into account
0. Exit
> 2
Enter your card number:
> 4000008483886185
Enter your pin number:
> 5868
You have successfully logged in!
1. Balance
2. Add income
3. Do transfer
4. Close account
5. Log out
0. Exit
> 2
Enter income:
> 10000
Income was added!
1. Balance
2. Add income
3. Do transfer
4. Close account
5. Log out
0. Exit
> 0
Bye!
1. Create an account
2. Log into account
0. Exit
> 2
Enter your card number:
> 4000008483886185
Enter your pin number:
> 5868
You have successfully logged in!
1. Balance
2. Add income
3. Do transfer
4. Close account
5. Log out
0. Exit
> 2
Enter income:
> 15000
Income was added!
1. Balance
2. Add income
3. Do transfer
4. Close account
5. Log out
0. Exit
> 0
Bye!
?[1;31m
Start test 11?[0m
1. Create an account
2. Log into account
0. Exit
> 1
Your card has been created
Your card number:
4000008947282096
Your card PIN:
9058
1. Create an account
2. Log into account
0. Exit
> 1
Your card has been created
Your card number:
4000008323987961
Your card PIN:
1463
1. Create an account
2. Log into account
0. Exit
> 2
Enter your card number:
> 4000008323987961
Enter your pin number:
> 1463
You have successfully logged in!
1. Balance
2. Add income
3. Do transfer
4. Close account
5. Log out
0. Exit
> 3
Transfer
Enter card number:
> 2000007269641764
Probably you made a mistake in the card number. Please try again!
1. Balance
2. Add income
3. Do transfer
4. Close account
5. Log out
0. Exit
> 3
Transfer
Enter card number:
> 2000007269641768
Such a card does not exist.
1. Balance
2. Add income
3. Do transfer
4. Close account
5. Log out
0. Exit
> 3
Transfer
Enter card number:
> 4000008947282096
Enter how much money you want to transfer:
> 100000
Not enough money!
1. Balance
2. Add income
3. Do transfer
4. Close account
5. Log out
0. Exit
> 2
Enter income:
> 20000
Income was added!
1. Balance
2. Add income
3. Do transfer
4. Close account
5. Log out
0. Exit
> 3
Transfer
Enter card number:
> 4000008947282096
Enter how much money you want to transfer:
> 10000
Success!
1. Balance
2. Add income
3. Do transfer
4. Close account
5. Log out
0. Exit
> 0
Bye!
?[1;31m
Start test 12?[0m
1. Create an account
2. Log into account
0. Exit
> 1
Your card has been created
Your card number:
4000008166483151
Your card PIN:
9285
1. Create an account
2. Log into account
0. Exit
> 2
Enter your card number:
> 4000008166483151
Enter your pin number:
> 9285
You have successfully logged in!
1. Balance
2. Add income
3. Do transfer
4. Close account
5. Log out
0. Exit
> 4
The account has been closed!
1. Create an account
2. Log into account
0. Exit
> 0
Bye!
]]></system-out>
  <system-err><![CDATA[]]></system-err>
</testsuite>
