<?xml version="1.0" encoding="UTF-8"?>
<testsuite name="SimpleBankSystemTest" tests="1" skipped="0" failures="1" errors="0" timestamp="2023-01-25T21:37:51" hostname="DESKTOP-AG8QKJE" time="2.455">
  <properties/>
  <testcase name="start" classname="SimpleBankSystemTest" time="2.455">
    <failure message="java.lang.AssertionError: Wrong answer in test #10&#10;&#10;After choosing 'Exit' item you should stop your program and close database connection!&#10;&#10;Please find below the output of your program during this failed test.&#10;Note that the '&gt;' character indicates the beginning of the input line.&#10;&#10;---&#10;&#10;Arguments for Main: -fileName card.s3db&#10;Arguments for Main: -fileName card.s3db&#10;&#10;1. Create an account&#10;2. Log into account&#10;0. Exit&#10;&gt; 1&#10;Your card has been created&#10;Your card number:&#10;4000008859085867&#10;Your card PIN:&#10;7924&#10;1. Create an account&#10;2. Log into account&#10;0. Exit&#10;&gt; 2&#10;Enter your card number:&#10;&gt; 4000008859085867&#10;Enter your pin number:&#10;&gt; 7924&#10;You have successfully logged in!&#10;1. Balance&#10;2. Add income&#10;3. Do transfer&#10;4. Close account&#10;5. Log out&#10;0. Exit&#10;&gt; 2&#10;Enter income:&#10;&gt; 10000&#10;Income was added!&#10;1. Balance&#10;2. Add income&#10;3. Do transfer&#10;4. Close account&#10;5. Log out&#10;0. Exit&#10;&gt; 0&#10;Bye!&#10;1. Create an account&#10;2. Log into account&#10;0. Exit&#10;&gt; 2&#10;Enter your card number:&#10;&gt; 4000008859085867&#10;Enter your pin number:&#10;&gt; 7924&#10;Wrong card number or PIN!&#10;1. Create an account&#10;2. Log into account&#10;0. Exit&#10;&gt; 2&#10;Enter your card number:&#10;&gt; 15000&#10;Enter your pin number:&#10;&gt; 0&#10;Wrong card number or PIN!&#10;1. Create an account&#10;2. Log into account&#10;0. Exit" type="java.lang.AssertionError">java.lang.AssertionError: Wrong answer in test #10

After choosing 'Exit' item you should stop your program and close database connection!

Please find below the output of your program during this failed test.
Note that the '&gt;' character indicates the beginning of the input line.

---

Arguments for Main: -fileName card.s3db
Arguments for Main: -fileName card.s3db

1. Create an account
2. Log into account
0. Exit
&gt; 1
Your card has been created
Your card number:
4000008859085867
Your card PIN:
7924
1. Create an account
2. Log into account
0. Exit
&gt; 2
Enter your card number:
&gt; 4000008859085867
Enter your pin number:
&gt; 7924
You have successfully logged in!
1. Balance
2. Add income
3. Do transfer
4. Close account
5. Log out
0. Exit
&gt; 2
Enter income:
&gt; 10000
Income was added!
1. Balance
2. Add income
3. Do transfer
4. Close account
5. Log out
0. Exit
&gt; 0
Bye!
1. Create an account
2. Log into account
0. Exit
&gt; 2
Enter your card number:
&gt; 4000008859085867
Enter your pin number:
&gt; 7924
Wrong card number or PIN!
1. Create an account
2. Log into account
0. Exit
&gt; 2
Enter your card number:
&gt; 15000
Enter your pin number:
&gt; 0
Wrong card number or PIN!
1. Create an account
2. Log into account
0. Exit
	at org.junit.Assert.fail(Assert.java:89)
	at org.hyperskill.hstest.stage.StageTest.start(StageTest.java:203)
	at java.base/jdk.internal.reflect.NativeMethodAccessorImpl.invoke0(Native Method)
	at java.base/jdk.internal.reflect.NativeMethodAccessorImpl.invoke(NativeMethodAccessorImpl.java:77)
	at java.base/jdk.internal.reflect.DelegatingMethodAccessorImpl.invoke(DelegatingMethodAccessorImpl.java:43)
	at java.base/java.lang.reflect.Method.invoke(Method.java:568)
	at org.junit.runners.model.FrameworkMethod$1.runReflectiveCall(FrameworkMethod.java:59)
	at org.junit.internal.runners.model.ReflectiveCallable.run(ReflectiveCallable.java:12)
	at org.junit.runners.model.FrameworkMethod.invokeExplosively(FrameworkMethod.java:56)
	at org.junit.internal.runners.statements.InvokeMethod.evaluate(InvokeMethod.java:17)
	at org.junit.runners.ParentRunner$3.evaluate(ParentRunner.java:306)
	at org.junit.runners.BlockJUnit4ClassRunner$1.evaluate(BlockJUnit4ClassRunner.java:100)
	at org.junit.runners.ParentRunner.runLeaf(ParentRunner.java:366)
	at org.junit.runners.BlockJUnit4ClassRunner.runChild(BlockJUnit4ClassRunner.java:103)
	at org.junit.runners.BlockJUnit4ClassRunner.runChild(BlockJUnit4ClassRunner.java:63)
	at org.junit.runners.ParentRunner$4.run(ParentRunner.java:331)
	at org.junit.runners.ParentRunner$1.schedule(ParentRunner.java:79)
	at org.junit.runners.ParentRunner.runChildren(ParentRunner.java:329)
	at org.junit.runners.ParentRunner.access$100(ParentRunner.java:66)
	at org.junit.runners.ParentRunner$2.evaluate(ParentRunner.java:293)
	at org.junit.runners.ParentRunner$3.evaluate(ParentRunner.java:306)
	at org.junit.runners.ParentRunner.run(ParentRunner.java:413)
	at org.gradle.api.internal.tasks.testing.junit.JUnitTestClassExecutor.runTestClass(JUnitTestClassExecutor.java:110)
	at org.gradle.api.internal.tasks.testing.junit.JUnitTestClassExecutor.execute(JUnitTestClassExecutor.java:58)
	at org.gradle.api.internal.tasks.testing.junit.JUnitTestClassExecutor.execute(JUnitTestClassExecutor.java:38)
	at org.gradle.api.internal.tasks.testing.junit.AbstractJUnitTestClassProcessor.processTestClass(AbstractJUnitTestClassProcessor.java:62)
	at org.gradle.api.internal.tasks.testing.SuiteTestClassProcessor.processTestClass(SuiteTestClassProcessor.java:51)
	at java.base/jdk.internal.reflect.NativeMethodAccessorImpl.invoke0(Native Method)
	at java.base/jdk.internal.reflect.NativeMethodAccessorImpl.invoke(NativeMethodAccessorImpl.java:77)
	at java.base/jdk.internal.reflect.DelegatingMethodAccessorImpl.invoke(DelegatingMethodAccessorImpl.java:43)
	at java.base/java.lang.reflect.Method.invoke(Method.java:568)
	at org.gradle.internal.dispatch.ReflectionDispatch.dispatch(ReflectionDispatch.java:36)
	at org.gradle.internal.dispatch.ReflectionDispatch.dispatch(ReflectionDispatch.java:24)
	at org.gradle.internal.dispatch.ContextClassLoaderDispatch.dispatch(ContextClassLoaderDispatch.java:33)
	at org.gradle.internal.dispatch.ProxyDispatchAdapter$DispatchingInvocationHandler.invoke(ProxyDispatchAdapter.java:94)
	at jdk.proxy1/jdk.proxy1.$Proxy2.processTestClass(Unknown Source)
	at org.gradle.api.internal.tasks.testing.worker.TestWorker$2.run(TestWorker.java:176)
	at org.gradle.api.internal.tasks.testing.worker.TestWorker.executeAndMaintainThreadName(TestWorker.java:129)
	at org.gradle.api.internal.tasks.testing.worker.TestWorker.execute(TestWorker.java:100)
	at org.gradle.api.internal.tasks.testing.worker.TestWorker.execute(TestWorker.java:60)
	at org.gradle.process.internal.worker.child.ActionExecutionWorker.execute(ActionExecutionWorker.java:56)
	at org.gradle.process.internal.worker.child.SystemApplicationClassLoaderWorker.call(SystemApplicationClassLoaderWorker.java:133)
	at org.gradle.process.internal.worker.child.SystemApplicationClassLoaderWorker.call(SystemApplicationClassLoaderWorker.java:71)
	at worker.org.gradle.process.internal.worker.GradleWorkerMain.run(GradleWorkerMain.java:69)
	at worker.org.gradle.process.internal.worker.GradleWorkerMain.main(GradleWorkerMain.java:74)
</failure>
  </testcase>
  <system-out><![CDATA[?[1;31m
Start test 1?[0m
1. Create an account
2. Log into account
0. Exit
> 0
Bye!
?[1;31m
Start test 2?[0m
1. Create an account
2. Log into account
0. Exit
> 0
Bye!
?[1;31m
Start test 3?[0m
1. Create an account
2. Log into account
0. Exit
> 0
Bye!
?[1;31m
Start test 4?[0m
1. Create an account
2. Log into account
0. Exit
> 0
Bye!
?[1;31m
Start test 5?[0m
1. Create an account
2. Log into account
0. Exit
> 1
Your card has been created
Your card number:
4000008940489318
Your card PIN:
9142
1. Create an account
2. Log into account
0. Exit
> 1
Your card has been created
Your card number:
4000008268489023
Your card PIN:
2758
1. Create an account
2. Log into account
0. Exit
> 1
Your card has been created
Your card number:
4000008401584052
Your card PIN:
1568
1. Create an account
2. Log into account
0. Exit
> 1
Your card has been created
Your card number:
4000008514387765
Your card PIN:
4926
1. Create an account
2. Log into account
0. Exit
> 1
Your card has been created
Your card number:
4000008427589358
Your card PIN:
7974
1. Create an account
2. Log into account
0. Exit
> 0
Bye!
?[0;34m4000008940489318
?[0m?[0;34m4000008268489023
?[0m?[0;34m4000008401584052
?[0m?[0;34m4000008514387765
?[0m?[0;34m4000008427589358
?[1;31m
Start test 6?[0m
1. Create an account
2. Log into account
0. Exit
> 1
Your card has been created
Your card number:
4000008152886086
Your card PIN:
7319
1. Create an account
2. Log into account
0. Exit
> 2
Enter your card number:
> 4000008152886086
Enter your pin number:
> 7319
You have successfully logged in!
1. Balance
2. Add income
3. Do transfer
4. Close account
5. Log out
0. Exit
> 0
Bye!
?[1;31m
Start test 7?[0m
1. Create an account
2. Log into account
0. Exit
> 1
Your card has been created
Your card number:
4000008536882009
Your card PIN:
8796
1. Create an account
2. Log into account
0. Exit
> 2
Enter your card number:
> 4000008536882009
Enter your pin number:
> 2843
Wrong card number or PIN!
1. Create an account
2. Log into account
0. Exit
> 0
Bye!
?[1;31m
Start test 8?[0m
1. Create an account
2. Log into account
0. Exit
> 1
Your card has been created
Your card number:
4000008796888654
Your card PIN:
2488
1. Create an account
2. Log into account
0. Exit
> 2
Enter your card number:
> 400000586620855
Enter your pin number:
> 2488
Wrong card number or PIN!
1. Create an account
2. Log into account
0. Exit
> 0
Bye!
?[1;31m
Start test 9?[0m
1. Create an account
2. Log into account
0. Exit
> 1
Your card has been created
Your card number:
4000008889288044
Your card PIN:
2312
1. Create an account
2. Log into account
0. Exit
> 2
Enter your card number:
> 4000008889288044
Enter your pin number:
> 2312
You have successfully logged in!
1. Balance
2. Add income
3. Do transfer
4. Close account
5. Log out
0. Exit
> 1
Balance: 0
1. Balance
2. Add income
3. Do transfer
4. Close account
5. Log out
0. Exit
> 0
Bye!
?[1;31m
Start test 10?[0m
1. Create an account
2. Log into account
0. Exit
> 1
Your card has been created
Your card number:
4000008859085867
Your card PIN:
7924
1. Create an account
2. Log into account
0. Exit
> 2
Enter your card number:
> 4000008859085867
Enter your pin number:
> 7924
You have successfully logged in!
1. Balance
2. Add income
3. Do transfer
4. Close account
5. Log out
0. Exit
> 2
Enter income:
> 10000
Income was added!
1. Balance
2. Add income
3. Do transfer
4. Close account
5. Log out
0. Exit
> 0
Bye!
1. Create an account
2. Log into account
0. Exit
> 2
Enter your card number:
> 4000008859085867
Enter your pin number:
> 7924
Wrong card number or PIN!
1. Create an account
2. Log into account
0. Exit
> 2
Enter your card number:
> 15000
Enter your pin number:
> 0
Wrong card number or PIN!
1. Create an account
2. Log into account
0. Exit
]]></system-out>
  <system-err><![CDATA[]]></system-err>
</testsuite>
